<?xml version="1.0" encoding="UTF-8"?>
<Site BuildName="Win32-MSBuild"
	BuildStamp="20251205-0421-Experimental"
	Name="Joyng"
	Generator="ctest-4.2.0"
	CompilerName="C:/Program Files/Microsoft Visual Studio/18/Community/VC/Tools/MSVC/14.50.35717/bin/Hostx64/x64/cl.exe"
	CompilerVersion="19.50.35719.0"
	OSName="Windows"
	Hostname="Joyng"
	OSRelease="10.0.26200"
	OSVersion="Windows 10"
	OSPlatform="AMD64"
	Is64Bits="1"
	VendorString="GenuineIntel"
	VendorID="Intel Corporation"
	FamilyID="6"
	ModelID="6"
	ModelName=""
	ProcessorCacheSize="-1"
	NumberOfLogicalCPU="24"
	NumberOfPhysicalCPU="24"
	TotalVirtualMemory="45501"
	TotalPhysicalMemory="32189"
	LogicalProcessorsPerPhysical="1"
	ProcessorClockFrequency="2700"
	>
	<Testing>
		<StartDateTime>Dec 05 20:20 Pacific Standard Time</StartDateTime>
		<StartTestTime>1764994803</StartTestTime>
		<TestList/>
		<EndDateTime>Dec 05 20:20 Pacific Standard Time</EndDateTime>
		<EndTestTime>1764994803</EndTestTime>
		<ElapsedMinutes>0</ElapsedMinutes>
	</Testing>
</Site>
